{
  "stats": {
    "suites": 114,
    "tests": 207,
    "passes": 63,
    "pending": 3,
    "failures": 141,
    "start": "2025-07-04T23:11:11.402Z",
    "end": "2025-07-04T23:12:47.407Z",
    "duration": 96005,
    "testsRegistered": 263,
    "passPercent": 24.23076923076923,
    "pendingPercent": 1.1406844106463878,
    "other": 9,
    "hasOther": true,
    "skipped": 56,
    "hasSkipped": true
  },
  "results": [
    {
      "uuid": "17613102-c48b-4c95-8775-25d691bde4fe",
      "title": "",
      "fullFile": "",
      "file": "",
      "beforeHooks": [
        {
          "title": "\"before each\" hook: beforeEach in \"{root}\"",
          "fullTitle": "\"before each\" hook: beforeEach in \"{root}\"",
          "timedOut": false,
          "duration": 0,
          "state": null,
          "speed": null,
          "pass": false,
          "fail": false,
          "pending": false,
          "context": null,
          "code": "// Initialize sinon sandbox for each test\nthis.sandbox = sinon.createSandbox();\n// Make sandbox available globally for tests that need it\nglobal.sandbox = this.sandbox;",
          "err": {},
          "uuid": "e07a4597-8d91-4d80-ab25-dfa1245d5e1b",
          "parentUUID": "17613102-c48b-4c95-8775-25d691bde4fe",
          "isHook": true,
          "skipped": false
        }
      ],
      "afterHooks": [
        {
          "title": "\"after each\" hook: afterEach in \"{root}\"",
          "fullTitle": "\"after each\" hook: afterEach in \"{root}\"",
          "timedOut": false,
          "duration": 0,
          "state": null,
          "speed": null,
          "pass": false,
          "fail": false,
          "pending": false,
          "context": null,
          "code": "// Clean up sandbox after each test\nif (this.sandbox) {\n  this.sandbox.restore();\n}\n// Clean up global sandbox reference\nif (global.sandbox) {\n  delete global.sandbox;\n}",
          "err": {},
          "uuid": "10fe1f49-378b-43f0-b7b9-45d930798453",
          "parentUUID": "17613102-c48b-4c95-8775-25d691bde4fe",
          "isHook": true,
          "skipped": false
        }
      ],
      "tests": [],
      "suites": [
        {
          "uuid": "1fa908c8-0924-4a02-bb3c-44695c5aa4b0",
          "title": "Visual Regression Tests",
          "fullFile": "/Volumes/Project Disk/Multi-Platform-Translation-APP/translation-app/tests/visual/visual-regression.test.js",
          "file": "/tests/visual/visual-regression.test.js",
          "beforeHooks": [
            {
              "title": "\"before all\" hook in \"Visual Regression Tests\"",
              "fullTitle": "Visual Regression Tests \"before all\" hook in \"Visual Regression Tests\"",
              "timedOut": false,
              "duration": 1259,
              "state": null,
              "speed": null,
              "pass": false,
              "fail": false,
              "pending": false,
              "context": null,
              "code": "// Launch browser\nbrowser = await puppeteer.launch({\n    headless: true, // Run headless for CI\n    args: ['--no-sandbox', '--disable-setuid-sandbox']\n});\n// Create new page\npage = await browser.newPage();\n// Set viewport\nawait page.setViewport({\n    width: 1280,\n    height: 800\n});",
              "err": {},
              "uuid": "4b6c28c9-9989-4bf7-aa87-f54353b49534",
              "parentUUID": "1fa908c8-0924-4a02-bb3c-44695c5aa4b0",
              "isHook": true,
              "skipped": false
            }
          ],
          "afterHooks": [
            {
              "title": "\"after all\" hook in \"Visual Regression Tests\"",
              "fullTitle": "Visual Regression Tests \"after all\" hook in \"Visual Regression Tests\"",
              "timedOut": false,
              "duration": 0,
              "state": null,
              "speed": null,
              "pass": false,
              "fail": false,
              "pending": false,
              "context": null,
              "code": "// Close browser\nif (browser) {\n    await browser.close();\n}",
              "err": {},
              "uuid": "6d0c561a-bdf9-4659-9cc2-c7c9f372c8fa",
              "parentUUID": "1fa908c8-0924-4a02-bb3c-44695c5aa4b0",
              "isHook": true,
              "skipped": false
            }
          ],
          "tests": [],
          "suites": [
            {
              "uuid": "38f6e913-c15b-425b-a563-2eb0ef472bc4",
              "title": "Main Interface",
              "fullFile": "/Volumes/Project Disk/Multi-Platform-Translation-APP/translation-app/tests/visual/visual-regression.test.js",
              "file": "/tests/visual/visual-regression.test.js",
              "beforeHooks": [
                {
                  "title": "\"before each\" hook for \"should match baseline for initial UI\"",
                  "fullTitle": "Visual Regression Tests Main Interface \"before each\" hook for \"should match baseline for initial UI\"",
                  "timedOut": false,
                  "duration": 6307,
                  "state": "failed",
                  "speed": null,
                  "pass": false,
                  "fail": true,
                  "pending": false,
                  "context": null,
                  "code": "// Load application\nconst appPath = path.join(__dirname, '../../index.html');\nawait page.goto(`file://${appPath}`);\n// Wait for app to initialize\nawait page.waitForSelector('#app-container', { timeout: 5000 });",
                  "err": {
                    "message": "TimeoutError: Waiting for selector `#app-container` failed: Waiting failed: 5000ms exceeded",
                    "estack": "TimeoutError: Waiting for selector `#app-container` failed: Waiting failed: 5000ms exceeded\n    at new WaitTask (node_modules/puppeteer-core/lib/cjs/puppeteer/common/WaitTask.js:48:34)\n    at IsolatedWorld.waitForFunction (node_modules/puppeteer-core/lib/cjs/puppeteer/api/Realm.js:25:26)\n    at CSSQueryHandler.waitFor (node_modules/puppeteer-core/lib/cjs/puppeteer/common/QueryHandler.js:178:95)\n    at async CdpFrame.waitForSelector (node_modules/puppeteer-core/lib/cjs/puppeteer/api/Frame.js:548:21)\n    at async CdpPage.waitForSelector (node_modules/puppeteer-core/lib/cjs/puppeteer/api/Page.js:1377:20)\n    at async Context.<anonymous> (tests/visual/visual-regression.test.js:129:13)",
                    "diff": null
                  },
                  "uuid": "678ae815-eedc-4f6c-9064-e4386ab6265e",
                  "parentUUID": "38f6e913-c15b-425b-a563-2eb0ef472bc4",
                  "isHook": true,
                  "skipped": false
                }
              ],
              "afterHooks": [],
              "tests": [
                {
                  "title": "should match baseline for initial UI",
                  "fullTitle": "Visual Regression Tests Main Interface should match baseline for initial UI",
                  "timedOut": false,
                  "duration": 0,
                  "state": null,
                  "speed": null,
                  "pass": false,
                  "fail": false,
                  "pending": false,
                  "context": null,
                  "code": "// Take screenshot\nawait takeScreenshot('main-ui', '#app-container');\n// Compare with baseline\nconst match = await compareScreenshots('main-ui');\nexpect(match).to.be.true('UI does not match baseline');",
                  "err": {},
                  "uuid": "6ad4dc9e-096f-4122-976b-433f3531e79e",
                  "parentUUID": "38f6e913-c15b-425b-a563-2eb0ef472bc4",
                  "isHook": false,
                  "skipped": true
                },
                {
                  "title": "should match baseline for language selection dropdown",
                  "fullTitle": "Visual Regression Tests Main Interface should match baseline for language selection dropdown",
                  "timedOut": false,
                  "duration": 0,
                  "state": null,
                  "speed": null,
                  "pass": false,
                  "fail": false,
                  "pending": false,
                  "context": null,
                  "code": "// Open language dropdown\nawait page.click('#language-select');\n// Wait for dropdown to open\nawait page.waitForSelector('.language-dropdown-open', { timeout: 2000 });\n// Take screenshot\nawait takeScreenshot('language-dropdown', '#language-select-container');\n// Compare with baseline\nconst match = await compareScreenshots('language-dropdown');\nexpect(match).to.be.true('Language dropdown does not match baseline');",
                  "err": {},
                  "uuid": "acad5d72-4b01-4ca7-933e-9e58039f4405",
                  "parentUUID": "38f6e913-c15b-425b-a563-2eb0ef472bc4",
                  "isHook": false,
                  "skipped": true
                }
              ],
              "suites": [],
              "passes": [],
              "failures": [],
              "pending": [],
              "skipped": [
                "6ad4dc9e-096f-4122-976b-433f3531e79e",
                "acad5d72-4b01-4ca7-933e-9e58039f4405"
              ],
              "duration": 0,
              "root": false,
              "rootEmpty": false,
              "_timeout": 30000
            },
            {
              "uuid": "33ec3d04-8cf4-48a6-be5a-c1cbc954e509",
              "title": "Translation Process",
              "fullFile": "/Volumes/Project Disk/Multi-Platform-Translation-APP/translation-app/tests/visual/visual-regression.test.js",
              "file": "/tests/visual/visual-regression.test.js",
              "beforeHooks": [
                {
                  "title": "\"before each\" hook for \"should match baseline for translation in progress\"",
                  "fullTitle": "Visual Regression Tests Translation Process \"before each\" hook for \"should match baseline for translation in progress\"",
                  "timedOut": false,
                  "duration": 5109,
                  "state": "failed",
                  "speed": null,
                  "pass": false,
                  "fail": true,
                  "pending": false,
                  "context": null,
                  "code": "// Load application\nconst appPath = path.join(__dirname, '../../index.html');\nawait page.goto(`file://${appPath}`);\n// Wait for app to initialize\nawait page.waitForSelector('#translation-form', { timeout: 5000 });",
                  "err": {
                    "message": "TimeoutError: Waiting for selector `#translation-form` failed: Waiting failed: 5000ms exceeded",
                    "estack": "TimeoutError: Waiting for selector `#translation-form` failed: Waiting failed: 5000ms exceeded\n    at new WaitTask (node_modules/puppeteer-core/lib/cjs/puppeteer/common/WaitTask.js:48:34)\n    at IsolatedWorld.waitForFunction (node_modules/puppeteer-core/lib/cjs/puppeteer/api/Realm.js:25:26)\n    at CSSQueryHandler.waitFor (node_modules/puppeteer-core/lib/cjs/puppeteer/common/QueryHandler.js:178:95)\n    at async CdpFrame.waitForSelector (node_modules/puppeteer-core/lib/cjs/puppeteer/api/Frame.js:548:21)\n    at async CdpPage.waitForSelector (node_modules/puppeteer-core/lib/cjs/puppeteer/api/Page.js:1377:20)\n    at async Context.<anonymous> (tests/visual/visual-regression.test.js:164:13)",
                    "diff": null
                  },
                  "uuid": "1b928df5-429e-48a7-bd1f-53a338eff55e",
                  "parentUUID": "33ec3d04-8cf4-48a6-be5a-c1cbc954e509",
                  "isHook": true,
                  "skipped": false
                }
              ],
              "afterHooks": [],
              "tests": [
                {
                  "title": "should match baseline for translation in progress",
                  "fullTitle": "Visual Regression Tests Translation Process should match baseline for translation in progress",
                  "timedOut": false,
                  "duration": 0,
                  "state": null,
                  "speed": null,
                  "pass": false,
                  "fail": false,
                  "pending": false,
                  "context": null,
                  "code": "// Enter text\nawait page.type('#input-text', 'Hello world');\n// Start translation\nawait page.click('#translate-button');\n// Capture loading state\nawait page.waitForSelector('.loading-indicator', { timeout: 2000 });\nawait takeScreenshot('translation-loading', '#translation-container');\n// Compare with baseline\nconst match = await compareScreenshots('translation-loading');\nexpect(match).to.be.true('Translation loading state does not match baseline');",
                  "err": {},
                  "uuid": "f4e40e95-b418-4ceb-9bb5-87ab078efe6b",
                  "parentUUID": "33ec3d04-8cf4-48a6-be5a-c1cbc954e509",
                  "isHook": false,
                  "skipped": true
                },
                {
                  "title": "should match baseline for translation results",
                  "fullTitle": "Visual Regression Tests Translation Process should match baseline for translation results",
                  "timedOut": false,
                  "duration": 0,
                  "state": null,
                  "speed": null,
                  "pass": false,
                  "fail": false,
                  "pending": false,
                  "context": null,
                  "code": "// Enter text\nawait page.type('#input-text', 'Hello world');\n// Start translation\nawait page.click('#translate-button');\n// Wait for results\nawait page.waitForSelector('#translation-results:not(.loading)', { timeout: 5000 });\n// Let animations complete\nawait new Promise(resolve => setTimeout(resolve, 500));\n// Take screenshot\nawait takeScreenshot('translation-results', '#translation-container');\n// Compare with baseline\nconst match = await compareScreenshots('translation-results');\nexpect(match).to.be.true('Translation results do not match baseline');",
                  "err": {},
                  "uuid": "a6d3a066-58f2-4ad8-9df4-92a8f3b8c9ac",
                  "parentUUID": "33ec3d04-8cf4-48a6-be5a-c1cbc954e509",
                  "isHook": false,
                  "skipped": true
                },
                {
                  "title": "should match baseline for error state",
                  "fullTitle": "Visual Regression Tests Translation Process should match baseline for error state",
                  "timedOut": false,
                  "duration": 0,
                  "state": null,
                  "speed": null,
                  "pass": false,
                  "fail": false,
                  "pending": false,
                  "context": null,
                  "code": "// Force error state\nawait page.evaluate(() => {\n    // Mock error in the app\n    window.showTranslationError('Translation service unavailable');\n});\n// Wait for error display\nawait page.waitForSelector('.error-message', { timeout: 2000 });\n// Take screenshot\nawait takeScreenshot('translation-error', '#translation-container');\n// Compare with baseline\nconst match = await compareScreenshots('translation-error');\nexpect(match).to.be.true('Error state does not match baseline');",
                  "err": {},
                  "uuid": "72f436c7-0898-4ab2-b29e-a6accae30e8c",
                  "parentUUID": "33ec3d04-8cf4-48a6-be5a-c1cbc954e509",
                  "isHook": false,
                  "skipped": true
                }
              ],
              "suites": [],
              "passes": [],
              "failures": [],
              "pending": [],
              "skipped": [
                "f4e40e95-b418-4ceb-9bb5-87ab078efe6b",
                "a6d3a066-58f2-4ad8-9df4-92a8f3b8c9ac",
                "72f436c7-0898-4ab2-b29e-a6accae30e8c"
              ],
              "duration": 0,
              "root": false,
              "rootEmpty": false,
              "_timeout": 30000
            },
            {
              "uuid": "be10de1f-a43c-4ef7-a730-dbe101f60d79",
              "title": "Responsive Design",
              "fullFile": "/Volumes/Project Disk/Multi-Platform-Translation-APP/translation-app/tests/visual/visual-regression.test.js",
              "file": "/tests/visual/visual-regression.test.js",
              "beforeHooks": [],
              "afterHooks": [],
              "tests": [
                {
                  "title": "should match baseline on mobile viewport",
                  "fullTitle": "Visual Regression Tests Responsive Design should match baseline on mobile viewport",
                  "timedOut": false,
                  "duration": 5116,
                  "state": "failed",
                  "speed": null,
                  "pass": false,
                  "fail": true,
                  "pending": false,
                  "context": null,
                  "code": "// Set viewport\nawait page.setViewport({\n    width: viewport.width,\n    height: viewport.height\n});\n// Load application\nconst appPath = path.join(__dirname, '../../index.html');\nawait page.goto(`file://${appPath}`);\n// Wait for app to initialize\nawait page.waitForSelector('#app-container', { timeout: 5000 });\n// Take screenshot\nawait takeScreenshot(`responsive-${viewport.name}`, '#app-container');\n// Compare with baseline\nconst match = await compareScreenshots(`responsive-${viewport.name}`);\nexpect(match).to.be.true(`UI on ${viewport.name} does not match baseline`);",
                  "err": {
                    "message": "TimeoutError: Waiting for selector `#app-container` failed: Waiting failed: 5000ms exceeded",
                    "estack": "TimeoutError: Waiting for selector `#app-container` failed: Waiting failed: 5000ms exceeded\n    at new WaitTask (node_modules/puppeteer-core/lib/cjs/puppeteer/common/WaitTask.js:48:34)\n    at IsolatedWorld.waitForFunction (node_modules/puppeteer-core/lib/cjs/puppeteer/api/Realm.js:25:26)\n    at CSSQueryHandler.waitFor (node_modules/puppeteer-core/lib/cjs/puppeteer/common/QueryHandler.js:178:95)\n    at async CdpFrame.waitForSelector (node_modules/puppeteer-core/lib/cjs/puppeteer/api/Frame.js:548:21)\n    at async CdpPage.waitForSelector (node_modules/puppeteer-core/lib/cjs/puppeteer/api/Page.js:1377:20)\n    at async Context.<anonymous> (tests/visual/visual-regression.test.js:243:17)",
                    "diff": null
                  },
                  "uuid": "978fe3cc-9926-457f-a7b1-ef11f43a1582",
                  "parentUUID": "be10de1f-a43c-4ef7-a730-dbe101f60d79",
                  "isHook": false,
                  "skipped": false
                },
                {
                  "title": "should match baseline on tablet viewport",
                  "fullTitle": "Visual Regression Tests Responsive Design should match baseline on tablet viewport",
                  "timedOut": false,
                  "duration": 5117,
                  "state": "failed",
                  "speed": null,
                  "pass": false,
                  "fail": true,
                  "pending": false,
                  "context": null,
                  "code": "// Set viewport\nawait page.setViewport({\n    width: viewport.width,\n    height: viewport.height\n});\n// Load application\nconst appPath = path.join(__dirname, '../../index.html');\nawait page.goto(`file://${appPath}`);\n// Wait for app to initialize\nawait page.waitForSelector('#app-container', { timeout: 5000 });\n// Take screenshot\nawait takeScreenshot(`responsive-${viewport.name}`, '#app-container');\n// Compare with baseline\nconst match = await compareScreenshots(`responsive-${viewport.name}`);\nexpect(match).to.be.true(`UI on ${viewport.name} does not match baseline`);",
                  "err": {
                    "message": "TimeoutError: Waiting for selector `#app-container` failed: Waiting failed: 5000ms exceeded",
                    "estack": "TimeoutError: Waiting for selector `#app-container` failed: Waiting failed: 5000ms exceeded\n    at new WaitTask (node_modules/puppeteer-core/lib/cjs/puppeteer/common/WaitTask.js:48:34)\n    at IsolatedWorld.waitForFunction (node_modules/puppeteer-core/lib/cjs/puppeteer/api/Realm.js:25:26)\n    at CSSQueryHandler.waitFor (node_modules/puppeteer-core/lib/cjs/puppeteer/common/QueryHandler.js:178:95)\n    at async CdpFrame.waitForSelector (node_modules/puppeteer-core/lib/cjs/puppeteer/api/Frame.js:548:21)\n    at async CdpPage.waitForSelector (node_modules/puppeteer-core/lib/cjs/puppeteer/api/Page.js:1377:20)\n    at async Context.<anonymous> (tests/visual/visual-regression.test.js:243:17)",
                    "diff": null
                  },
                  "uuid": "baefe0cb-f978-45e3-a3d5-075c417aac63",
                  "parentUUID": "be10de1f-a43c-4ef7-a730-dbe101f60d79",
                  "isHook": false,
                  "skipped": false
                },
                {
                  "title": "should match baseline on desktop viewport",
                  "fullTitle": "Visual Regression Tests Responsive Design should match baseline on desktop viewport",
                  "timedOut": false,
                  "duration": 5130,
                  "state": "failed",
                  "speed": null,
                  "pass": false,
                  "fail": true,
                  "pending": false,
                  "context": null,
                  "code": "// Set viewport\nawait page.setViewport({\n    width: viewport.width,\n    height: viewport.height\n});\n// Load application\nconst appPath = path.join(__dirname, '../../index.html');\nawait page.goto(`file://${appPath}`);\n// Wait for app to initialize\nawait page.waitForSelector('#app-container', { timeout: 5000 });\n// Take screenshot\nawait takeScreenshot(`responsive-${viewport.name}`, '#app-container');\n// Compare with baseline\nconst match = await compareScreenshots(`responsive-${viewport.name}`);\nexpect(match).to.be.true(`UI on ${viewport.name} does not match baseline`);",
                  "err": {
                    "message": "TimeoutError: Waiting for selector `#app-container` failed: Waiting failed: 5000ms exceeded",
                    "estack": "TimeoutError: Waiting for selector `#app-container` failed: Waiting failed: 5000ms exceeded\n    at new WaitTask (node_modules/puppeteer-core/lib/cjs/puppeteer/common/WaitTask.js:48:34)\n    at IsolatedWorld.waitForFunction (node_modules/puppeteer-core/lib/cjs/puppeteer/api/Realm.js:25:26)\n    at CSSQueryHandler.waitFor (node_modules/puppeteer-core/lib/cjs/puppeteer/common/QueryHandler.js:178:95)\n    at async CdpFrame.waitForSelector (node_modules/puppeteer-core/lib/cjs/puppeteer/api/Frame.js:548:21)\n    at async CdpPage.waitForSelector (node_modules/puppeteer-core/lib/cjs/puppeteer/api/Page.js:1377:20)\n    at async Context.<anonymous> (tests/visual/visual-regression.test.js:243:17)",
                    "diff": null
                  },
                  "uuid": "622569d4-566c-4420-a4b9-48e4c622a233",
                  "parentUUID": "be10de1f-a43c-4ef7-a730-dbe101f60d79",
                  "isHook": false,
                  "skipped": false
                }
              ],
              "suites": [],
              "passes": [],
              "failures": [
                "978fe3cc-9926-457f-a7b1-ef11f43a1582",
                "baefe0cb-f978-45e3-a3d5-075c417aac63",
                "622569d4-566c-4420-a4b9-48e4c622a233"
              ],
              "pending": [],
              "skipped": [],
              "duration": 15363,
              "root": false,
              "rootEmpty": false,
              "_timeout": 30000
            },
            {
              "uuid": "697d97d8-aaf5-4f5e-9176-bbd45922e34b",
              "title": "Themes",
              "fullFile": "/Volumes/Project Disk/Multi-Platform-Translation-APP/translation-app/tests/visual/visual-regression.test.js",
              "file": "/tests/visual/visual-regression.test.js",
              "beforeHooks": [],
              "afterHooks": [],
              "tests": [
                {
                  "title": "should match baseline with light theme",
                  "fullTitle": "Visual Regression Tests Themes should match baseline with light theme",
                  "timedOut": false,
                  "duration": 246,
                  "state": "failed",
                  "speed": null,
                  "pass": false,
                  "fail": true,
                  "pending": false,
                  "context": null,
                  "code": "// Load application\nconst appPath = path.join(__dirname, '../../index.html');\nawait page.goto(`file://${appPath}`);\n// Wait for app to initialize\nawait page.waitForSelector('#app-container', { timeout: 5000 });\n// Set theme\nawait page.evaluate((themeName) => {\n    document.body.setAttribute('data-theme', themeName);\n}, theme);\n// Let theme change settle\nawait new Promise(resolve => setTimeout(resolve, 500));\n// Take screenshot\nawait takeScreenshot(`theme-${theme}`, '#app-container');\n// Compare with baseline\nconst match = await compareScreenshots(`theme-${theme}`);\nexpect(match).to.be.true(`${theme} theme does not match baseline`);",
                  "err": {
                    "message": "Error: Waiting for selector `#app-container` failed: waitForFunction failed: frame got detached.",
                    "estack": "Error: Waiting for selector `#app-container` failed: waitForFunction failed: frame got detached.\n    at IsolatedWorld.dispose (node_modules/puppeteer-core/lib/cjs/puppeteer/api/Realm.js:40:39)\n    at [nodejs.dispose] (node_modules/puppeteer-core/lib/cjs/puppeteer/api/Realm.js:44:14)\n    at [nodejs.dispose] (node_modules/puppeteer-core/lib/cjs/puppeteer/cdp/IsolatedWorld.js:156:45)\n    at [nodejs.dispose] (node_modules/puppeteer-core/lib/cjs/puppeteer/cdp/Frame.js:331:92)\n    at #removeFramesRecursively (node_modules/puppeteer-core/lib/cjs/puppeteer/cdp/FrameManager.js:452:45)\n    at #onClientDisconnect (node_modules/puppeteer-core/lib/cjs/puppeteer/cdp/FrameManager.js:82:42)\n    at /Volumes/Project Disk/Multi-Platform-Translation-APP/translation-app/node_modules/puppeteer-core/lib/cjs/puppeteer/cdp/FrameManager.js:66:37\n    at onceHandler (node_modules/puppeteer-core/lib/cjs/puppeteer/common/EventEmitter.js:94:13)\n    at /Volumes/Project Disk/Multi-Platform-Translation-APP/translation-app/node_modules/puppeteer-core/lib/cjs/third_party/mitt/mitt.js:62:7\n    at Array.map (<anonymous>)\n    at Object.emit (node_modules/puppeteer-core/lib/cjs/third_party/mitt/mitt.js:61:20)\n    at CdpCDPSession.emit (node_modules/puppeteer-core/lib/cjs/puppeteer/common/EventEmitter.js:83:23)\n    at CdpCDPSession.onClosed (node_modules/puppeteer-core/lib/cjs/puppeteer/cdp/CdpSession.js:116:14)\n    at #onClose (node_modules/puppeteer-core/lib/cjs/puppeteer/cdp/Connection.js:181:21)\n    at WebSocket.<anonymous> (node_modules/puppeteer-core/lib/cjs/puppeteer/node/NodeWebSocketTransport.js:48:30)\n    at callListener (node_modules/ws/lib/event-target.js:290:14)\n    at WebSocket.onClose (node_modules/ws/lib/event-target.js:220:9)\n    at WebSocket.emit (node:events:518:28)\n    at WebSocket.emitClose (node_modules/ws/lib/websocket.js:272:10)\n    at Socket.socketOnClose (node_modules/ws/lib/websocket.js:1341:15)\n    at Socket.emit (node:events:518:28)\n    at TCP.<anonymous> (node:net:351:12)",
                    "diff": null
                  },
                  "uuid": "f0e33071-0f2a-45b9-9533-e0c2251ef1c8",
                  "parentUUID": "697d97d8-aaf5-4f5e-9176-bbd45922e34b",
                  "isHook": false,
                  "skipped": false
                },
                {
                  "title": "should match baseline with dark theme",
                  "fullTitle": "Visual Regression Tests Themes should match baseline with dark theme",
                  "timedOut": false,
                  "duration": 1,
                  "state": "failed",
                  "speed": null,
                  "pass": false,
                  "fail": true,
                  "pending": false,
                  "context": null,
                  "code": "// Load application\nconst appPath = path.join(__dirname, '../../index.html');\nawait page.goto(`file://${appPath}`);\n// Wait for app to initialize\nawait page.waitForSelector('#app-container', { timeout: 5000 });\n// Set theme\nawait page.evaluate((themeName) => {\n    document.body.setAttribute('data-theme', themeName);\n}, theme);\n// Let theme change settle\nawait new Promise(resolve => setTimeout(resolve, 500));\n// Take screenshot\nawait takeScreenshot(`theme-${theme}`, '#app-container');\n// Compare with baseline\nconst match = await compareScreenshots(`theme-${theme}`);\nexpect(match).to.be.true(`${theme} theme does not match baseline`);",
                  "err": {
                    "message": "Error: Attempted to use detached Frame '79B6A68E9402EF901EBD86A412EEC698'.",
                    "estack": "Error: Attempted to use detached Frame '79B6A68E9402EF901EBD86A412EEC698'.\n    at CdpFrame.<anonymous> (node_modules/puppeteer-core/lib/cjs/puppeteer/util/decorators.js:107:23)\n    at CdpPage.goto (node_modules/puppeteer-core/lib/cjs/puppeteer/api/Page.js:574:43)\n    at Context.<anonymous> (tests/visual/visual-regression.test.js:262:28)\n    at process.processImmediate (node:internal/timers:491:21)",
                    "diff": null
                  },
                  "uuid": "425b838f-75ed-4bc1-8892-53bf0483f92c",
                  "parentUUID": "697d97d8-aaf5-4f5e-9176-bbd45922e34b",
                  "isHook": false,
                  "skipped": false
                },
                {
                  "title": "should match baseline with high-contrast theme",
                  "fullTitle": "Visual Regression Tests Themes should match baseline with high-contrast theme",
                  "timedOut": false,
                  "duration": 0,
                  "state": "failed",
                  "speed": null,
                  "pass": false,
                  "fail": true,
                  "pending": false,
                  "context": null,
                  "code": "// Load application\nconst appPath = path.join(__dirname, '../../index.html');\nawait page.goto(`file://${appPath}`);\n// Wait for app to initialize\nawait page.waitForSelector('#app-container', { timeout: 5000 });\n// Set theme\nawait page.evaluate((themeName) => {\n    document.body.setAttribute('data-theme', themeName);\n}, theme);\n// Let theme change settle\nawait new Promise(resolve => setTimeout(resolve, 500));\n// Take screenshot\nawait takeScreenshot(`theme-${theme}`, '#app-container');\n// Compare with baseline\nconst match = await compareScreenshots(`theme-${theme}`);\nexpect(match).to.be.true(`${theme} theme does not match baseline`);",
                  "err": {
                    "message": "Error: Attempted to use detached Frame '79B6A68E9402EF901EBD86A412EEC698'.",
                    "estack": "Error: Attempted to use detached Frame '79B6A68E9402EF901EBD86A412EEC698'.\n    at CdpFrame.<anonymous> (node_modules/puppeteer-core/lib/cjs/puppeteer/util/decorators.js:107:23)\n    at CdpPage.goto (node_modules/puppeteer-core/lib/cjs/puppeteer/api/Page.js:574:43)\n    at Context.<anonymous> (tests/visual/visual-regression.test.js:262:28)\n    at process.processImmediate (node:internal/timers:491:21)",
                    "diff": null
                  },
                  "uuid": "a6c52126-adb5-4e57-973a-91c74ee57b8f",
                  "parentUUID": "697d97d8-aaf5-4f5e-9176-bbd45922e34b",
                  "isHook": false,
                  "skipped": false
                }
              ],
              "suites": [],
              "passes": [],
              "failures": [
                "f0e33071-0f2a-45b9-9533-e0c2251ef1c8",
                "425b838f-75ed-4bc1-8892-53bf0483f92c",
                "a6c52126-adb5-4e57-973a-91c74ee57b8f"
              ],
              "pending": [],
              "skipped": [],
              "duration": 247,
              "root": false,
              "rootEmpty": false,
              "_timeout": 30000
            }
          ],
          "passes": [],
          "failures": [],
          "pending": [],
          "skipped": [],
          "duration": 0,
          "root": false,
          "rootEmpty": false,
          "_timeout": 30000
        },
        {
          "uuid": "b7369f35-3366-404b-bba3-70dd4e25a426",
          "title": "Accessibility Tests",
          "fullFile": "/Volumes/Project Disk/Multi-Platform-Translation-APP/translation-app/tests/accessibility/ui-accessibility.test.js",
          "file": "/tests/accessibility/ui-accessibility.test.js",
          "beforeHooks": [
            {
              "title": "\"before all\" hook in \"Accessibility Tests\"",
              "fullTitle": "Accessibility Tests \"before all\" hook in \"Accessibility Tests\"",
              "timedOut": false,
              "duration": 1011,
              "state": null,
              "speed": null,
              "pass": false,
              "fail": false,
              "pending": false,
              "context": null,
              "code": "// Launch browser\nbrowser = await puppeteer.launch({\n    headless: true, // Run headless for CI\n    args: ['--no-sandbox', '--disable-setuid-sandbox']\n});\n// Create new page\npage = await browser.newPage();\n// Set viewport\nawait page.setViewport({\n    width: 1280,\n    height: 800\n});",
              "err": {},
              "uuid": "47b5890d-2e81-42de-9ad3-f4e214782f32",
              "parentUUID": "b7369f35-3366-404b-bba3-70dd4e25a426",
              "isHook": true,
              "skipped": false
            }
          ],
          "afterHooks": [
            {
              "title": "\"after all\" hook in \"Accessibility Tests\"",
              "fullTitle": "Accessibility Tests \"after all\" hook in \"Accessibility Tests\"",
              "timedOut": false,
              "duration": 239,
              "state": null,
              "speed": null,
              "pass": false,
              "fail": false,
              "pending": false,
              "context": null,
              "code": "// Close browser\nif (browser) {\n    await browser.close();\n}",
              "err": {},
              "uuid": "10899e9d-e488-4c5b-bd85-f27d8ccba1ad",
              "parentUUID": "b7369f35-3366-404b-bba3-70dd4e25a426",
              "isHook": true,
              "skipped": false
            }
          ],
          "tests": [],
          "suites": [
            {
              "uuid": "b9ea9e6a-f67c-4a88-b214-43ab6c1f8dec",
              "title": "Main Interface",
              "fullFile": "/Volumes/Project Disk/Multi-Platform-Translation-APP/translation-app/tests/accessibility/ui-accessibility.test.js",
              "file": "/tests/accessibility/ui-accessibility.test.js",
              "beforeHooks": [
                {
                  "title": "\"before each\" hook for \"should have no critical accessibility violations\"",
                  "fullTitle": "Accessibility Tests Main Interface \"before each\" hook for \"should have no critical accessibility violations\"",
                  "timedOut": false,
                  "duration": 6109,
                  "state": "failed",
                  "speed": null,
                  "pass": false,
                  "fail": true,
                  "pending": false,
                  "context": null,
                  "code": "// Load application\n// For local testing, use the file:// protocol to load the app directly\nconst appPath = path.join(__dirname, '../../index.html');\nawait page.goto(`file://${appPath}`);\n// Wait for app to initialize\nawait page.waitForSelector('#app-container', { timeout: 5000 });",
                  "err": {
                    "message": "TimeoutError: Waiting for selector `#app-container` failed: Waiting failed: 5000ms exceeded",
                    "estack": "TimeoutError: Waiting for selector `#app-container` failed: Waiting failed: 5000ms exceeded\n    at new WaitTask (node_modules/puppeteer-core/lib/cjs/puppeteer/common/WaitTask.js:48:34)\n    at IsolatedWorld.waitForFunction (node_modules/puppeteer-core/lib/cjs/puppeteer/api/Realm.js:25:26)\n    at CSSQueryHandler.waitFor (node_modules/puppeteer-core/lib/cjs/puppeteer/common/QueryHandler.js:178:95)\n    at async CdpFrame.waitForSelector (node_modules/puppeteer-core/lib/cjs/puppeteer/api/Frame.js:548:21)\n    at async CdpPage.waitForSelector (node_modules/puppeteer-core/lib/cjs/puppeteer/api/Page.js:1377:20)\n    at async Context.<anonymous> (tests/accessibility/ui-accessibility.test.js:68:13)",
                    "diff": null
                  },
                  "uuid": "ea76cf52-a7bf-4bbe-8a08-61df940e7bed",
                  "parentUUID": "b9ea9e6a-f67c-4a88-b214-43ab6c1f8dec",
                  "isHook": true,
                  "skipped": false
                }
              ],
              "afterHooks": [],
              "tests": [
                {
                  "title": "should have no critical accessibility violations",
                  "fullTitle": "Accessibility Tests Main Interface should have no critical accessibility violations",
                  "timedOut": false,
                  "duration": 0,
                  "state": null,
                  "speed": null,
                  "pass": false,
                  "fail": false,
                  "pending": false,
                  "context": null,
                  "code": "// Run accessibility analysis\nconst results = await analyzeAccessibility(page);\n// Log violations for debugging\nif (results.violations.length > 0) {\n    console.log('Accessibility violations:', JSON.stringify(results.violations, null, 2));\n}\n// Filter for critical violations only\nconst criticalViolations = results.violations.filter(v => v.impact === 'critical');\n// Should have no critical violations\nexpect(criticalViolations.length).to.equal(0, 'Critical accessibility violations found');",
                  "err": {},
                  "uuid": "fc63419b-774c-4e90-a5cc-eeb40f8beb24",
                  "parentUUID": "b9ea9e6a-f67c-4a88-b214-43ab6c1f8dec",
                  "isHook": false,
                  "skipped": true
                },
                {
                  "title": "should have appropriate ARIA attributes",
                  "fullTitle": "Accessibility Tests Main Interface should have appropriate ARIA attributes",
                  "timedOut": false,
                  "duration": 0,
                  "state": null,
                  "speed": null,
                  "pass": false,
                  "fail": false,
                  "pending": false,
                  "context": null,
                  "code": "// Run accessibility analysis focused on ARIA\nconst results = await analyzeAccessibility(page, {\n    rules: {\n        'aria-*': { enabled: true }\n    }\n});\n// Check ARIA violations\nconst ariaViolations = results.violations.filter(v => v.id.startsWith('aria-'));\n// Should have no ARIA violations\nexpect(ariaViolations.length).to.equal(0, 'ARIA violations found');",
                  "err": {},
                  "uuid": "e4f6ee97-071a-437d-a1c3-ebcd4269eb58",
                  "parentUUID": "b9ea9e6a-f67c-4a88-b214-43ab6c1f8dec",
                  "isHook": false,
                  "skipped": true
                },
                {
                  "title": "should have sufficient color contrast",
                  "fullTitle": "Accessibility Tests Main Interface should have sufficient color contrast",
                  "timedOut": false,
                  "duration": 0,
                  "state": null,
                  "speed": null,
                  "pass": false,
                  "fail": false,
                  "pending": false,
                  "context": null,
                  "code": "// Run accessibility analysis focused on color contrast\nconst results = await analyzeAccessibility(page, {\n    rules: {\n        'color-contrast': { enabled: true }\n    }\n});\n// Check color contrast violations\nconst contrastViolations = results.violations.filter(v => v.id === 'color-contrast');\n// Should have no contrast violations\nexpect(contrastViolations.length).to.equal(0, 'Color contrast issues found');",
                  "err": {},
                  "uuid": "6542cb2f-9d2f-41ae-bcc3-1cf8e81f8254",
                  "parentUUID": "b9ea9e6a-f67c-4a88-b214-43ab6c1f8dec",
                  "isHook": false,
                  "skipped": true
                }
              ],
              "suites": [],
              "passes": [],
              "failures": [],
              "pending": [],
              "skipped": [
                "fc63419b-774c-4e90-a5cc-eeb40f8beb24",
                "e4f6ee97-071a-437d-a1c3-ebcd4269eb58",
                "6542cb2f-9d2f-41ae-bcc3-1cf8e81f8254"
              ],
              "duration": 0,
              "root": false,
              "rootEmpty": false,
              "_timeout": 20000
            },
            {
              "uuid": "1e0b3f96-3357-4547-b772-b535e2b00e5f",
              "title": "Translation Form",
              "fullFile": "/Volumes/Project Disk/Multi-Platform-Translation-APP/translation-app/tests/accessibility/ui-accessibility.test.js",
              "file": "/tests/accessibility/ui-accessibility.test.js",
              "beforeHooks": [
                {
                  "title": "\"before each\" hook for \"should have accessible form controls\"",
                  "fullTitle": "Accessibility Tests Translation Form \"before each\" hook for \"should have accessible form controls\"",
                  "timedOut": false,
                  "duration": 5122,
                  "state": "failed",
                  "speed": null,
                  "pass": false,
                  "fail": true,
                  "pending": false,
                  "context": null,
                  "code": "// Load application\nconst appPath = path.join(__dirname, '../../index.html');\nawait page.goto(`file://${appPath}`);\n// Wait for app to initialize\nawait page.waitForSelector('#translation-form', { timeout: 5000 });",
                  "err": {
                    "message": "TimeoutError: Waiting for selector `#translation-form` failed: Waiting failed: 5000ms exceeded",
                    "estack": "TimeoutError: Waiting for selector `#translation-form` failed: Waiting failed: 5000ms exceeded\n    at new WaitTask (node_modules/puppeteer-core/lib/cjs/puppeteer/common/WaitTask.js:48:34)\n    at IsolatedWorld.waitForFunction (node_modules/puppeteer-core/lib/cjs/puppeteer/api/Realm.js:25:26)\n    at CSSQueryHandler.waitFor (node_modules/puppeteer-core/lib/cjs/puppeteer/common/QueryHandler.js:178:95)\n    at async CdpFrame.waitForSelector (node_modules/puppeteer-core/lib/cjs/puppeteer/api/Frame.js:548:21)\n    at async CdpPage.waitForSelector (node_modules/puppeteer-core/lib/cjs/puppeteer/api/Page.js:1377:20)\n    at async Context.<anonymous> (tests/accessibility/ui-accessibility.test.js:125:13)",
                    "diff": null
                  },
                  "uuid": "9ca3c478-bd66-4119-8bd7-47cc6e1d26dd",
                  "parentUUID": "1e0b3f96-3357-4547-b772-b535e2b00e5f",
                  "isHook": true,
                  "skipped": false
                }
              ],
              "afterHooks": [],
              "tests": [
                {
                  "title": "should have accessible form controls",
                  "fullTitle": "Accessibility Tests Translation Form should have accessible form controls",
                  "timedOut": false,
                  "duration": 0,
                  "state": null,
                  "speed": null,
                  "pass": false,
                  "fail": false,
                  "pending": false,
                  "context": null,
                  "code": "// Find all form controls\nconst formControls = await page.$$eval('input, select, textarea, button', elements => {\n    return elements.map(el => ({\n        type: el.tagName.toLowerCase(),\n        id: el.id,\n        hasLabel: !!el.labels && el.labels.length > 0,\n        hasAriaLabel: !!el.getAttribute('aria-label'),\n        hasAriaLabelledBy: !!el.getAttribute('aria-labelledby')\n    }));\n});\n// Check that all form controls have accessible labels\nfor (const control of formControls) {\n    const hasAccessibleLabel = control.hasLabel ||\n        control.hasAriaLabel ||\n        control.hasAriaLabelledBy;\n    expect(hasAccessibleLabel).to.be.true(\n        `Form control ${control.type}#${control.id} has no accessible label`\n    );\n}",
                  "err": {},
                  "uuid": "b6c4e391-f765-4904-8b12-88cb995660f5",
                  "parentUUID": "1e0b3f96-3357-4547-b772-b535e2b00e5f",
                  "isHook": false,
                  "skipped": true
                },
                {
                  "title": "should be keyboard navigable",
                  "fullTitle": "Accessibility Tests Translation Form should be keyboard navigable",
                  "timedOut": false,
                  "duration": 0,
                  "state": null,
                  "speed": null,
                  "pass": false,
                  "fail": false,
                  "pending": false,
                  "context": null,
                  "code": "// Ensure focusable elements can be tabbed through\nawait page.keyboard.press('Tab');\n// Get the active element\nlet activeElementCount = 0;\n// Press tab multiple times and count unique focused elements\nconst focusedElements = new Set();\nfor (let i = 0; i < 10; i++) {\n    const focusedElement = await page.evaluate(() => {\n        const active = document.activeElement;\n        return active ? active.tagName + (active.id ? '#' + active.id : '') : null;\n    });\n    if (focusedElement && focusedElement !== 'BODY') {\n        focusedElements.add(focusedElement);\n    }\n    await page.keyboard.press('Tab');\n}\n// Should have focused several elements\nexpect(focusedElements.size).to.be.greaterThan(3, 'Not enough focusable elements found');",
                  "err": {},
                  "uuid": "64bb6603-c80a-46f1-8f05-8697b56717b8",
                  "parentUUID": "1e0b3f96-3357-4547-b772-b535e2b00e5f",
                  "isHook": false,
                  "skipped": true
                }
              ],
              "suites": [],
              "passes": [],
              "failures": [],
              "pending": [],
              "skipped": [
                "b6c4e391-f765-4904-8b12-88cb995660f5",
                "64bb6603-c80a-46f1-8f05-8697b56717b8"
              ],
              "duration": 0,
              "root": false,
              "rootEmpty": false,
              "_timeout": 20000
            },
            {
              "uuid": "ea9e7c31-09c4-4100-92a7-0ab1a56570a2",
              "title": "Results Display",
              "fullFile": "/Volumes/Project Disk/Multi-Platform-Translation-APP/translation-app/tests/accessibility/ui-accessibility.test.js",
              "file": "/tests/accessibility/ui-accessibility.test.js",
              "beforeHooks": [
                {
                  "title": "\"before each\" hook for \"should have screen reader accessible results\"",
                  "fullTitle": "Accessibility Tests Results Display \"before each\" hook for \"should have screen reader accessible results\"",
                  "timedOut": false,
                  "duration": 5143,
                  "state": "failed",
                  "speed": null,
                  "pass": false,
                  "fail": true,
                  "pending": false,
                  "context": null,
                  "code": "// Load application\nconst appPath = path.join(__dirname, '../../index.html');\nawait page.goto(`file://${appPath}`);\n// Wait for app to initialize\nawait page.waitForSelector('#translation-form', { timeout: 5000 });\n// Trigger a translation\nawait page.type('#input-text', 'Hello world');\nawait page.click('#translate-button');\n// Wait for results\nawait page.waitForSelector('#translation-results', { timeout: 5000 });",
                  "err": {
                    "message": "TimeoutError: Waiting for selector `#translation-form` failed: Waiting failed: 5000ms exceeded",
                    "estack": "TimeoutError: Waiting for selector `#translation-form` failed: Waiting failed: 5000ms exceeded\n    at new WaitTask (node_modules/puppeteer-core/lib/cjs/puppeteer/common/WaitTask.js:48:34)\n    at IsolatedWorld.waitForFunction (node_modules/puppeteer-core/lib/cjs/puppeteer/api/Realm.js:25:26)\n    at CSSQueryHandler.waitFor (node_modules/puppeteer-core/lib/cjs/puppeteer/common/QueryHandler.js:178:95)\n    at async CdpFrame.waitForSelector (node_modules/puppeteer-core/lib/cjs/puppeteer/api/Frame.js:548:21)\n    at async CdpPage.waitForSelector (node_modules/puppeteer-core/lib/cjs/puppeteer/api/Page.js:1377:20)\n    at async Context.<anonymous> (tests/accessibility/ui-accessibility.test.js:187:13)",
                    "diff": null
                  },
                  "uuid": "871d32e7-42f4-4290-84fa-f3aa6774c3b0",
                  "parentUUID": "ea9e7c31-09c4-4100-92a7-0ab1a56570a2",
                  "isHook": true,
                  "skipped": false
                }
              ],
              "afterHooks": [],
              "tests": [
                {
                  "title": "should have screen reader accessible results",
                  "fullTitle": "Accessibility Tests Results Display should have screen reader accessible results",
                  "timedOut": false,
                  "duration": 0,
                  "state": null,
                  "speed": null,
                  "pass": false,
                  "fail": false,
                  "pending": false,
                  "context": null,
                  "code": "// Check for appropriate ARIA roles\nconst hasAriaLive = await page.$eval('#translation-results', el => {\n    return el.getAttribute('aria-live') === 'polite';\n});\nexpect(hasAriaLive).to.be.true('Translation results should have aria-live attribute');\n// Check for appropriate heading structure\nconst headingsStructure = await page.$$eval('h1, h2, h3, h4, h5, h6', headings => {\n    return headings.map(h => ({\n        level: parseInt(h.tagName.substring(1)),\n        text: h.textContent\n    }));\n});\n// Should have logical heading structure\nlet previousLevel = 0;\nlet headingLevelsValid = true;\nfor (const heading of headingsStructure) {\n    if (previousLevel > 0 && heading.level > previousLevel + 1) {\n        headingLevelsValid = false;\n        break;\n    }\n    previousLevel = heading.level;\n}\nexpect(headingLevelsValid).to.be.true('Heading structure should not skip levels');",
                  "err": {},
                  "uuid": "51538b0b-ad19-42c0-b3fa-74ba74cc51bd",
                  "parentUUID": "ea9e7c31-09c4-4100-92a7-0ab1a56570a2",
                  "isHook": false,
                  "skipped": true
                }
              ],
              "suites": [],
              "passes": [],
              "failures": [],
              "pending": [],
              "skipped": [
                "51538b0b-ad19-42c0-b3fa-74ba74cc51bd"
              ],
              "duration": 0,
              "root": false,
              "rootEmpty": false,
              "_timeout": 20000
            },
            {
              "uuid": "f9d9d597-b5f9-412e-8a4d-9053749fbef9",
              "title": "Responsive Design",
              "fullFile": "/Volumes/Project Disk/Multi-Platform-Translation-APP/translation-app/tests/accessibility/ui-accessibility.test.js",
              "file": "/tests/accessibility/ui-accessibility.test.js",
              "beforeHooks": [],
              "afterHooks": [],
              "tests": [
                {
                  "title": "should be accessible on mobile viewport",
                  "fullTitle": "Accessibility Tests Responsive Design should be accessible on mobile viewport",
                  "timedOut": false,
                  "duration": 5283,
                  "state": "failed",
                  "speed": null,
                  "pass": false,
                  "fail": true,
                  "pending": false,
                  "context": null,
                  "code": "// Set mobile viewport\nawait page.setViewport({\n    width: 375,\n    height: 667,\n    isMobile: true\n});\n// Load application\nconst appPath = path.join(__dirname, '../../index.html');\nawait page.goto(`file://${appPath}`);\n// Wait for app to initialize\nawait page.waitForSelector('#app-container', { timeout: 5000 });\n// Run accessibility analysis\nconst results = await analyzeAccessibility(page);\n// Should have no critical violations\nconst criticalViolations = results.violations.filter(v => v.impact === 'critical');\nexpect(criticalViolations.length).to.equal(0, 'Critical accessibility violations found on mobile viewport');",
                  "err": {
                    "message": "TimeoutError: Waiting for selector `#app-container` failed: Waiting failed: 5000ms exceeded",
                    "estack": "TimeoutError: Waiting for selector `#app-container` failed: Waiting failed: 5000ms exceeded\n    at new WaitTask (node_modules/puppeteer-core/lib/cjs/puppeteer/common/WaitTask.js:48:34)\n    at IsolatedWorld.waitForFunction (node_modules/puppeteer-core/lib/cjs/puppeteer/api/Realm.js:25:26)\n    at CSSQueryHandler.waitFor (node_modules/puppeteer-core/lib/cjs/puppeteer/common/QueryHandler.js:178:95)\n    at async CdpFrame.waitForSelector (node_modules/puppeteer-core/lib/cjs/puppeteer/api/Frame.js:548:21)\n    at async CdpPage.waitForSelector (node_modules/puppeteer-core/lib/cjs/puppeteer/api/Page.js:1377:20)\n    at async Context.<anonymous> (tests/accessibility/ui-accessibility.test.js:243:13)",
                    "diff": null
                  },
                  "uuid": "8fc522d9-35b8-46a2-a134-32cd8017efd8",
                  "parentUUID": "f9d9d597-b5f9-412e-8a4d-9053749fbef9",
                  "isHook": false,
                  "skipped": false
                },
                {
                  "title": "should maintain touch target sizes on mobile",
                  "fullTitle": "Accessibility Tests Responsive Design should maintain touch target sizes on mobile",
                  "timedOut": false,
                  "duration": 5111,
                  "state": "failed",
                  "speed": null,
                  "pass": false,
                  "fail": true,
                  "pending": false,
                  "context": null,
                  "code": "// Set mobile viewport\nawait page.setViewport({\n    width: 375,\n    height: 667,\n    isMobile: true\n});\n// Load application\nconst appPath = path.join(__dirname, '../../index.html');\nawait page.goto(`file://${appPath}`);\n// Wait for app to initialize\nawait page.waitForSelector('#translation-form', { timeout: 5000 });\n// Measure size of touch targets\nconst touchTargetSizes = await page.$$eval('button, a, input, select', elements => {\n    return elements.map(el => {\n        const rect = el.getBoundingClientRect();\n        return {\n            tag: el.tagName.toLowerCase(),\n            id: el.id,\n            width: rect.width,\n            height: rect.height\n        };\n    });\n});\n// WCAG 2.1 recommends touch targets of at least 44x44px\nconst minWidth = 44;\nconst minHeight = 44;\n// Filter for small touch targets\nconst smallTouchTargets = touchTargetSizes.filter(\n    target => target.width < minWidth || target.height < minHeight\n);\n// Allow some exemptions for specific types of controls\nconst exemptTypes = ['hidden'];\nconst nonExemptSmallTargets = smallTouchTargets.filter(\n    target => !exemptTypes.includes(target.tag)\n);\nexpect(nonExemptSmallTargets.length).to.equal(0, 'Touch targets too small for mobile');",
                  "err": {
                    "message": "TimeoutError: Waiting for selector `#translation-form` failed: Waiting failed: 5000ms exceeded",
                    "estack": "TimeoutError: Waiting for selector `#translation-form` failed: Waiting failed: 5000ms exceeded\n    at new WaitTask (node_modules/puppeteer-core/lib/cjs/puppeteer/common/WaitTask.js:48:34)\n    at IsolatedWorld.waitForFunction (node_modules/puppeteer-core/lib/cjs/puppeteer/api/Realm.js:25:26)\n    at CSSQueryHandler.waitFor (node_modules/puppeteer-core/lib/cjs/puppeteer/common/QueryHandler.js:178:95)\n    at async CdpFrame.waitForSelector (node_modules/puppeteer-core/lib/cjs/puppeteer/api/Frame.js:548:21)\n    at async CdpPage.waitForSelector (node_modules/puppeteer-core/lib/cjs/puppeteer/api/Page.js:1377:20)\n    at async Context.<anonymous> (tests/accessibility/ui-accessibility.test.js:266:13)",
                    "diff": null
                  },
                  "uuid": "058c7406-b8c4-4026-bfb3-eff05f501a64",
                  "parentUUID": "f9d9d597-b5f9-412e-8a4d-9053749fbef9",
                  "isHook": false,
                  "skipped": false
                }
              ],
              "suites": [],
              "passes": [],
              "failures": [
                "8fc522d9-35b8-46a2-a134-32cd8017efd8",
                "058c7406-b8c4-4026-bfb3-eff05f501a64"
              ],
              "pending": [],
              "skipped": [],
              "duration": 10394,
              "root": false,
              "rootEmpty": false,
              "_timeout": 20000
            }
          ],
          "passes": [],
          "failures": [],
          "pending": [],
          "skipped": [],
          "duration": 0,
          "root": false,
          "rootEmpty": false,
          "_timeout": 20000
        },
        {
          "uuid": "87d08d90-2197-4abe-bb2b-08b158a92812",
          "title": "Azure Translator API Tests",
          "fullFile": "/Volumes/Project Disk/Multi-Platform-Translation-APP/translation-app/tests/api/azure-api.test.js",
          "file": "/tests/api/azure-api.test.js",
          "beforeHooks": [
            {
              "title": "\"before each\" hook in \"Azure Translator API Tests\"",
              "fullTitle": "Azure Translator API Tests \"before each\" hook in \"Azure Translator API Tests\"",
              "timedOut": false,
              "duration": 0,
              "state": null,
              "speed": null,
              "pass": false,
              "fail": false,
              "pending": false,
              "context": null,
              "code": "// Disable real HTTP requests\nnock.disableNetConnect();\nsandbox = sinon.createSandbox();\n// Create service with test credentials\ntranslator = new AzureTranslator({\n    apiKey: 'test-api-key',\n    endpoint: 'https://api.cognitive.microsofttranslator.com',\n    region: 'eastus'\n});",
              "err": {},
              "uuid": "dbc38377-7465-4ba4-99ad-077b4824a708",
              "parentUUID": "87d08d90-2197-4abe-bb2b-08b158a92812",
              "isHook": true,
              "skipped": false
            }
          ],
          "afterHooks": [
            {
              "title": "\"after each\" hook in \"Azure Translator API Tests\"",
              "fullTitle": "Azure Translator API Tests \"after each\" hook in \"Azure Translator API Tests\"",
              "timedOut": false,
              "duration": 0,
              "state": null,
              "speed": null,
              "pass": false,
              "fail": false,
              "pending": false,
              "context": null,
              "code": "sandbox.restore();\nnock.cleanAll();\nnock.enableNetConnect();",
              "err": {},
              "uuid": "09cea7fa-f729-4348-8b52-8a31a8df2c94",
              "parentUUID": "87d08d90-2197-4abe-bb2b-08b158a92812",
              "isHook": true,
              "skipped": false
            }
          ],
          "tests": [],
          "suites": [
            {
              "uuid": "52df9332-4583-47ad-930b-2f6b04f97e02",
              "title": "Translation API",
              "fullFile": "/Volumes/Project Disk/Multi-Platform-Translation-APP/translation-app/tests/api/azure-api.test.js",
              "file": "/tests/api/azure-api.test.js",
              "beforeHooks": [],
              "afterHooks": [],
              "tests": [
                {
                  "title": "should make correct API calls to translate text",
                  "fullTitle": "Azure Translator API Tests Translation API should make correct API calls to translate text",
                  "timedOut": false,
                  "duration": 2,
                  "state": "failed",
                  "speed": null,
                  "pass": false,
                  "fail": true,
                  "pending": false,
                  "context": null,
                  "code": "// Set up mock API response\nnock('https://api.cognitive.microsofttranslator.com')\n    .post('/translate')\n    .query(q => q.to === 'es' && q['api-version'] === '3.0')\n    .reply(200, [\n        {\n            detectedLanguage: {\n                language: 'en',\n                score: 0.91\n            },\n            translations: [\n                {\n                    text: 'Hola mundo',\n                    to: 'es'\n                }\n            ]\n        }\n    ]);\n// Mock UUID generation for deterministic testing\nsandbox.stub(require('uuid'), 'v4').returns('test-uuid');\n// Initialize translator\nawait translator.initialize();\n// Call translation method\nconst result = await translator.translate('Hello world', 'en', 'es');\nexpect(result.translation).to.equal('Hola mundo');\nexpect(result.service).to.equal('azure');\nexpect(result.detectedLanguage).to.equal('en');\n// Verify all nock mocks were called\nexpect(nock.isDone()).to.be.true;",
                  "err": {
                    "message": "TypeError: Descriptor for property v4 is non-configurable and non-writable",
                    "estack": "TypeError: Descriptor for property v4 is non-configurable and non-writable\n    at assertValidPropertyDescriptor (node_modules/sinon/lib/sinon/stub.js:138:15)\n    at Function.stub (node_modules/sinon/lib/sinon/stub.js:89:5)\n    at Sandbox.stub (node_modules/sinon/lib/sinon/sandbox.js:389:39)\n    at Context.<anonymous> (tests/api/azure-api.test.js:55:21)\n    at process.processImmediate (node:internal/timers:491:21)",
                    "diff": null
                  },
                  "uuid": "45530a6e-1fa1-4e9b-9b15-124ae1b6d138",
                  "parentUUID": "52df9332-4583-47ad-930b-2f6b04f97e02",
                  "isHook": false,
                  "skipped": false
                },
                {
                  "title": "should handle API errors correctly",
                  "fullTitle": "Azure Translator API Tests Translation API should handle API errors correctly",
                  "timedOut": false,
                  "duration": 12,
                  "state": "failed",
                  "speed": null,
                  "pass": false,
                  "fail": true,
                  "pending": false,
                  "context": null,
                  "code": "// Set up mock API error response\nnock('https://api.cognitive.microsofttranslator.com')\n    .post('/translate')\n    .query(true)\n    .reply(401, {\n        error: {\n            code: 401000,\n            message: 'The request is not authorized because credentials are missing or invalid.'\n        }\n    });\n// Initialize translator\nawait translator.initialize();\n// Call translation method\ntry {\n    await translator.translate('Hello world', 'en', 'es');\n    expect.fail('Should have thrown an error');\n} catch (error) {\n    expect(error.message).to.include('credentials are missing or invalid');\n}\n// Verify all nock mocks were called\nexpect(nock.isDone()).to.be.true;",
                  "err": {
                    "message": "Error: Azure Translator connection test failed: Azure Translator error: The request is not authorized because credentials are missing or invalid.",
                    "estack": "Error: Azure Translator connection test failed: Azure Translator error: The request is not authorized because credentials are missing or invalid.\n    at AzureTranslator.testConnection (src/services/translation/azure-translator.js:79:19)\n    at process.processTicksAndRejections (node:internal/process/task_queues:105:5)\n    at async AzureTranslator.initialize (src/services/translation/azure-translator.js:51:13)\n    at async Context.<anonymous> (tests/api/azure-api.test.js:84:13)",
                    "diff": null
                  },
                  "uuid": "91a0ff9a-0220-4517-bede-d81f25c98b11",
                  "parentUUID": "52df9332-4583-47ad-930b-2f6b04f97e02",
                  "isHook": false,
                  "skipped": false
                },
                {
                  "title": "should handle network errors gracefully",
                  "fullTitle": "Azure Translator API Tests Translation API should handle network errors gracefully",
                  "timedOut": false,
                  "duration": 4,
                  "state": "failed",
                  "speed": null,
                  "pass": false,
                  "fail": true,
                  "pending": false,
                  "context": null,
                  "code": "// Set up mock network error\nnock('https://api.cognitive.microsofttranslator.com')\n    .post('/translate')\n    .query(true)\n    .replyWithError('Connection refused');\n// Initialize translator\nawait translator.initialize();\n// Call translation method\ntry {\n    await translator.translate('Hello world', 'en', 'es');\n    expect.fail('Should have thrown an error');\n} catch (error) {\n    expect(error.message).to.include('Connection refused');\n}\n// Verify all nock mocks were called\nexpect(nock.isDone()).to.be.true;",
                  "err": {
                    "message": "Error: Azure Translator connection test failed: Azure Translator error: Connection refused",
                    "estack": "Error: Azure Translator connection test failed: Azure Translator error: Connection refused\n    at AzureTranslator.testConnection (src/services/translation/azure-translator.js:79:19)\n    at process.processTicksAndRejections (node:internal/process/task_queues:105:5)\n    at async AzureTranslator.initialize (src/services/translation/azure-translator.js:51:13)\n    at async Context.<anonymous> (tests/api/azure-api.test.js:106:13)",
                    "diff": null
                  },
                  "uuid": "cd653114-f2d3-4b5d-ac30-d3b1111c0d2e",
                  "parentUUID": "52df9332-4583-47ad-930b-2f6b04f97e02",
                  "isHook": false,
                  "skipped": false
                }
              ],
              "suites": [],
              "passes": [],
              "failures": [
                "45530a6e-1fa1-4e9b-9b15-124ae1b6d138",
                "91a0ff9a-0220-4517-bede-d81f25c98b11",
                "cd653114-f2d3-4b5d-ac30-d3b1111c0d2e"
              ],
              "pending": [],
              "skipped": [],
              "duration": 18,
              "root": false,
              "rootEmpty": false,
              "_timeout": 5000
            },
            {
              "uuid": "1d7ef47b-191a-4faa-8231-46379f9e6ffc",
              "title": "Language Detection API",
              "fullFile": "/Volumes/Project Disk/Multi-Platform-Translation-APP/translation-app/tests/api/azure-api.test.js",
              "file": "/tests/api/azure-api.test.js",
              "beforeHooks": [],
              "afterHooks": [],
              "tests": [
                {
                  "title": "should detect language correctly",
                  "fullTitle": "Azure Translator API Tests Language Detection API should detect language correctly",
                  "timedOut": false,
                  "duration": 2,
                  "state": "failed",
                  "speed": null,
                  "pass": false,
                  "fail": true,
                  "pending": false,
                  "context": null,
                  "code": "// Set up mock API response\nnock('https://api.cognitive.microsofttranslator.com')\n    .post('/detect')\n    .query(q => q['api-version'] === '3.0')\n    .reply(200, [\n        {\n            language: 'fr',\n            score: 0.95,\n            isTranslationSupported: true,\n            isTransliterationSupported: false\n        }\n    ]);\n// Initialize translator\nawait translator.initialize();\n// Call detection method\nconst result = await translator.detectLanguage('Bonjour le monde');\nexpect(result.language).to.equal('fr');\nexpect(result.confidence).to.equal(0.95);\nexpect(result.isTranslationSupported).to.be.true;\n// Verify all nock mocks were called\nexpect(nock.isDone()).to.be.true;",
                  "err": {
                    "message": "Error: Azure Translator connection test failed: Azure Translator error: Nock: No match for request {\n  \"method\": \"POST\",\n  \"url\": \"https://api.cognitive.microsofttranslator.com/translate?api-version=3.0&to=es&category=general&profanityAction=NoAction&includeAlignment=false&includeSentenceLength=false&textType=plain&from=en\",\n  \"headers\": {\n    \"accept\": \"application/json, text/plain, */*\",\n    \"content-type\": \"application/json\",\n    \"ocp-apim-subscription-key\": \"test-api-key\",\n    \"ocp-apim-subscription-region\": \"eastus\",\n    \"x-clienttraceid\": \"0bc08047-8852-4f8e-a2d1-8760f4c392d8\",\n    \"user-agent\": \"axios/1.10.0\",\n    \"content-length\": \"18\",\n    \"accept-encoding\": \"gzip, compress, deflate, br\"\n  },\n  \"body\": \"[{\\\"text\\\":\\\"Hello\\\"}]\"\n}",
                    "estack": "Error: Azure Translator connection test failed: Azure Translator error: Nock: No match for request {\n  \"method\": \"POST\",\n  \"url\": \"https://api.cognitive.microsofttranslator.com/translate?api-version=3.0&to=es&category=general&profanityAction=NoAction&includeAlignment=false&includeSentenceLength=false&textType=plain&from=en\",\n  \"headers\": {\n    \"accept\": \"application/json, text/plain, */*\",\n    \"content-type\": \"application/json\",\n    \"ocp-apim-subscription-key\": \"test-api-key\",\n    \"ocp-apim-subscription-region\": \"eastus\",\n    \"x-clienttraceid\": \"0bc08047-8852-4f8e-a2d1-8760f4c392d8\",\n    \"user-agent\": \"axios/1.10.0\",\n    \"content-length\": \"18\",\n    \"accept-encoding\": \"gzip, compress, deflate, br\"\n  },\n  \"body\": \"[{\\\"text\\\":\\\"Hello\\\"}]\"\n}\n    at AzureTranslator.testConnection (src/services/translation/azure-translator.js:79:19)\n    at process.processTicksAndRejections (node:internal/process/task_queues:105:5)\n    at async AzureTranslator.initialize (src/services/translation/azure-translator.js:51:13)\n    at async Context.<anonymous> (tests/api/azure-api.test.js:137:13)",
                    "diff": null
                  },
                  "uuid": "2e5f5a3f-1d59-4e2b-b8ca-152c2f6bd4db",
                  "parentUUID": "1d7ef47b-191a-4faa-8231-46379f9e6ffc",
                  "isHook": false,
                  "skipped": false
                }
              ],
              "suites": [],
              "passes": [],
              "failures": [
                "2e5f5a3f-1d59-4e2b-b8ca-152c2f6bd4db"
              ],
              "pending": [],
              "skipped": [],
              "duration": 2,
              "root": false,
              "rootEmpty": false,
              "_timeout": 5000
            },
            {
              "uuid": "271952a8-40a1-40f8-89b4-737455752372",
              "title": "Supported Languages API",
              "fullFile": "/Volumes/Project Disk/Multi-Platform-Translation-APP/translation-app/tests/api/azure-api.test.js",
              "file": "/tests/api/azure-api.test.js",
              "beforeHooks": [],
              "afterHooks": [],
              "tests": [
                {
                  "title": "should retrieve supported languages",
                  "fullTitle": "Azure Translator API Tests Supported Languages API should retrieve supported languages",
                  "timedOut": false,
                  "duration": 5,
                  "state": "passed",
                  "speed": "fast",
                  "pass": true,
                  "fail": false,
                  "pending": false,
                  "context": null,
                  "code": "// Set up mock API response\nnock('https://api.cognitive.microsofttranslator.com')\n    .get('/languages')\n    .query(q => q['api-version'] === '3.0' && q.scope === 'translation')\n    .reply(200, {\n        translation: {\n            en: {\n                name: 'English',\n                nativeName: 'English',\n                dir: 'ltr'\n            },\n            es: {\n                name: 'Spanish',\n                nativeName: 'Español',\n                dir: 'ltr'\n            },\n            fr: {\n                name: 'French',\n                nativeName: 'Français',\n                dir: 'ltr'\n            }\n        }\n    });\n// Call the load languages method\nawait translator.loadSupportedLanguages();\nexpect(translator.supportedLanguages).to.be.an('array');\nexpect(translator.supportedLanguages).to.include.members(['en', 'es', 'fr']);\n// Verify all nock mocks were called\nexpect(nock.isDone()).to.be.true;",
                  "err": {},
                  "uuid": "69c58036-c707-4f8d-8066-4904d331ab5e",
                  "parentUUID": "271952a8-40a1-40f8-89b4-737455752372",
                  "isHook": false,
                  "skipped": false
                }
              ],
              "suites": [],
              "passes": [
                "69c58036-c707-4f8d-8066-4904d331ab5e"
              ],
              "failures": [],
              "pending": [],
              "skipped": [],
              "duration": 5,
              "root": false,
              "rootEmpty": false,
              "_timeout": 5000
            },
            {
              "uuid": "8a5a8d84-da65-4dff-89ac-e9c879de0f29",
              "title": "Authentication",
              "fullFile": "/Volumes/Project Disk/Multi-Platform-Translation-APP/translation-app/tests/api/azure-api.test.js",
              "file": "/tests/api/azure-api.test.js",
              "beforeHooks": [],
              "afterHooks": [],
              "tests": [
                {
                  "title": "should include correct authentication headers",
                  "fullTitle": "Azure Translator API Tests Authentication should include correct authentication headers",
                  "timedOut": false,
                  "duration": 7,
                  "state": "failed",
                  "speed": null,
                  "pass": false,
                  "fail": true,
                  "pending": false,
                  "context": null,
                  "code": "// Set up header verification\nlet capturedHeaders = {};\nnock('https://api.cognitive.microsofttranslator.com')\n    .post('/translate')\n    .query(true)\n    .reply(function (uri, requestBody) {\n        // Capture the headers for verification\n        capturedHeaders = this.req.headers;\n        return [200, [{\n            translations: [{ text: 'Hola', to: 'es' }]\n        }]];\n    });\n// Initialize translator\nawait translator.initialize();\n// Call translation method\nawait translator.translate('Hello', 'en', 'es');\n// Verify authentication headers\nexpect(capturedHeaders).to.have.property('ocp-apim-subscription-key');\nexpect(capturedHeaders['ocp-apim-subscription-key'][0]).to.equal('test-api-key');\nexpect(capturedHeaders).to.have.property('ocp-apim-subscription-region');\nexpect(capturedHeaders['ocp-apim-subscription-region'][0]).to.equal('eastus');\n// Verify all nock mocks were called\nexpect(nock.isDone()).to.be.true;",
                  "err": {
                    "message": "Error: Azure Translator error: Nock: No match for request {\n  \"method\": \"POST\",\n  \"url\": \"https://api.cognitive.microsofttranslator.com/translate?api-version=3.0&to=es&category=general&profanityAction=NoAction&includeAlignment=false&includeSentenceLength=false&textType=plain&from=en\",\n  \"headers\": {\n    \"accept\": \"application/json, text/plain, */*\",\n    \"content-type\": \"application/json\",\n    \"ocp-apim-subscription-key\": \"test-api-key\",\n    \"ocp-apim-subscription-region\": \"eastus\",\n    \"x-clienttraceid\": \"126db50b-b966-4060-aa56-c38c44fb6248\",\n    \"user-agent\": \"axios/1.10.0\",\n    \"content-length\": \"18\",\n    \"accept-encoding\": \"gzip, compress, deflate, br\"\n  },\n  \"body\": \"[{\\\"text\\\":\\\"Hello\\\"}]\"\n}",
                    "estack": "Error: Azure Translator error: Nock: No match for request {\n  \"method\": \"POST\",\n  \"url\": \"https://api.cognitive.microsofttranslator.com/translate?api-version=3.0&to=es&category=general&profanityAction=NoAction&includeAlignment=false&includeSentenceLength=false&textType=plain&from=en\",\n  \"headers\": {\n    \"accept\": \"application/json, text/plain, */*\",\n    \"content-type\": \"application/json\",\n    \"ocp-apim-subscription-key\": \"test-api-key\",\n    \"ocp-apim-subscription-region\": \"eastus\",\n    \"x-clienttraceid\": \"126db50b-b966-4060-aa56-c38c44fb6248\",\n    \"user-agent\": \"axios/1.10.0\",\n    \"content-length\": \"18\",\n    \"accept-encoding\": \"gzip, compress, deflate, br\"\n  },\n  \"body\": \"[{\\\"text\\\":\\\"Hello\\\"}]\"\n}\n    at AzureTranslator.translateText (src/services/translation/azure-translator.js:223:19)\n    at process.processTicksAndRejections (node:internal/process/task_queues:105:5)\n    at async AzureTranslator.translate (src/services/translation/azure-translator.js:129:20)\n    at async Context.<anonymous> (tests/api/azure-api.test.js:208:13)",
                    "diff": null
                  },
                  "uuid": "d64bd4d8-2afb-48bd-9ce5-46500e183bb1",
                  "parentUUID": "8a5a8d84-da65-4dff-89ac-e9c879de0f29",
                  "isHook": false,
                  "skipped": false
                }
              ],
              "suites": [],
              "passes": [],
              "failures": [
                "d64bd4d8-2afb-48bd-9ce5-46500e183bb1"
              ],
              "pending": [],
              "skipped": [],
              "duration": 7,
              "root": false,
              "rootEmpty": false,
              "_timeout": 5000
            }
          ],
          "passes": [],
          "failures": [],
          "pending": [],
          "skipped": [],
          "duration": 0,
          "root": false,
          "rootEmpty": false,
          "_timeout": 5000
        },
        {
          "uuid": "2630654b-2ebb-4fe8-a2ed-ddbc4a587a02",
          "title": "End-to-End Tests",
          "fullFile": "/Volumes/Project Disk/Multi-Platform-Translation-APP/translation-app/tests/e2e/app.e2e.test.js",
          "file": "/tests/e2e/app.e2e.test.js",
          "beforeHooks": [],
          "afterHooks": [],
          "tests": [
            {
              "title": "should be implemented with Playwright",
              "fullTitle": "End-to-End Tests should be implemented with Playwright",
              "timedOut": false,
              "duration": 0,
              "state": "pending",
              "speed": null,
              "pass": false,
              "fail": false,
              "pending": true,
              "context": null,
              "code": "",
              "err": {},
              "uuid": "8b572bf0-c0ff-40d0-9c35-81f07cee33f1",
              "parentUUID": "2630654b-2ebb-4fe8-a2ed-ddbc4a587a02",
[...]
                  "state": "passed",
                  "speed": "fast",
                  "pass": true,
                  "fail": false,
                  "pending": false,
                  "context": null,
                  "code": "expect(mockT('test.key')).to.equal('test.key');",
                  "err": {},
                  "uuid": "db8cebc5-9b4d-45bb-8372-2fb4dcd75588",
                  "parentUUID": "cc9973a4-26fc-4652-88d5-21cc1a5dc765",
                  "isHook": false,
                  "skipped": false
                }
              ],
              "suites": [],
              "passes": [
                "db8cebc5-9b4d-45bb-8372-2fb4dcd75588"
              ],
              "failures": [],
              "pending": [],
              "skipped": [],
              "duration": 0,
              "root": false,
              "rootEmpty": false,
              "_timeout": 5000
            },
            {
              "uuid": "170c7e73-f6f1-4a57-ad79-680bad6875fe",
              "title": "createMockAudioContext",
              "fullFile": "/Volumes/Project Disk/Multi-Platform-Translation-APP/translation-app/tests/utils/test-utils.test.js",
              "file": "/tests/utils/test-utils.test.js",
              "beforeHooks": [],
              "afterHooks": [],
              "tests": [
                {
                  "title": "should create a mock AudioContext with expected methods",
                  "fullTitle": "Test Utilities createMockAudioContext should create a mock AudioContext with expected methods",
                  "timedOut": false,
                  "duration": 2,
                  "state": "passed",
                  "speed": "fast",
                  "pass": true,
                  "fail": false,
                  "pending": false,
                  "context": null,
                  "code": "const mock = createMockAudioContext();\n\nexpect(mock).to.have.property('suspend').that.is.a('function');\nexpect(mock).to.have.property('resume').that.is.a('function');\nexpect(mock).to.have.property('close').that.is.a('function');\nexpect(mock).to.have.property('destination');\nexpect(mock).to.have.property('createMediaStreamSource').that.is.a('function');",
                  "err": {},
                  "uuid": "767e2dc5-520c-477b-a8e5-b59a124bc7fe",
                  "parentUUID": "170c7e73-f6f1-4a57-ad79-680bad6875fe",
                  "isHook": false,
                  "skipped": false
                },
                {
                  "title": "should allow calling mocked methods",
                  "fullTitle": "Test Utilities createMockAudioContext should allow calling mocked methods",
                  "timedOut": false,
                  "duration": 2,
                  "state": "passed",
                  "speed": "fast",
                  "pass": true,
                  "fail": false,
                  "pending": false,
                  "context": null,
                  "code": "const mock = createMockAudioContext();\nawait mock.suspend();\n\nexpect(mock.suspend).to.have.been.calledOnce;",
                  "err": {},
                  "uuid": "4a23a2cb-3274-4c40-961f-f3034b2f342a",
                  "parentUUID": "170c7e73-f6f1-4a57-ad79-680bad6875fe",
                  "isHook": false,
                  "skipped": false
                }
              ],
              "suites": [],
              "passes": [
                "767e2dc5-520c-477b-a8e5-b59a124bc7fe",
                "4a23a2cb-3274-4c40-961f-f3034b2f342a"
              ],
              "failures": [],
              "pending": [],
              "skipped": [],
              "duration": 4,
              "root": false,
              "rootEmpty": false,
              "_timeout": 5000
            },
            {
              "uuid": "b29607bb-f7e4-4837-b8f0-1a5281b4aa58",
              "title": "createMockMediaStream",
              "fullFile": "/Volumes/Project Disk/Multi-Platform-Translation-APP/translation-app/tests/utils/test-utils.test.js",
              "file": "/tests/utils/test-utils.test.js",
              "beforeHooks": [],
              "afterHooks": [],
              "tests": [
                {
                  "title": "should create a mock MediaStream with expected methods",
                  "fullTitle": "Test Utilities createMockMediaStream should create a mock MediaStream with expected methods",
                  "timedOut": false,
                  "duration": 1,
                  "state": "passed",
                  "speed": "fast",
                  "pass": true,
                  "fail": false,
                  "pending": false,
                  "context": null,
                  "code": "const mock = createMockMediaStream();\n\nexpect(mock).to.have.property('getTracks').that.is.a('function');\nexpect(mock).to.have.property('getAudioTracks').that.is.a('function');\nexpect(mock).to.have.property('getVideoTracks').that.is.a('function');\nexpect(mock).to.have.property('addTrack').that.is.a('function');\nexpect(mock).to.have.property('removeTrack').that.is.a('function');",
                  "err": {},
                  "uuid": "4ce215ea-54f2-48cf-a74f-b93b47114aa4",
                  "parentUUID": "b29607bb-f7e4-4837-b8f0-1a5281b4aa58",
                  "isHook": false,
                  "skipped": false
                }
              ],
              "suites": [],
              "passes": [
                "4ce215ea-54f2-48cf-a74f-b93b47114aa4"
              ],
              "failures": [],
              "pending": [],
              "skipped": [],
              "duration": 1,
              "root": false,
              "rootEmpty": false,
              "_timeout": 5000
            },
            {
              "uuid": "ef877137-82a9-4b9d-8e24-3f70f511435a",
              "title": "MockResizeObserver",
              "fullFile": "/Volumes/Project Disk/Multi-Platform-Translation-APP/translation-app/tests/utils/test-utils.test.js",
              "file": "/tests/utils/test-utils.test.js",
              "beforeHooks": [],
              "afterHooks": [],
              "tests": [
                {
                  "title": "should create a mock ResizeObserver with expected methods",
                  "fullTitle": "Test Utilities MockResizeObserver should create a mock ResizeObserver with expected methods",
                  "timedOut": false,
                  "duration": 0,
                  "state": "passed",
                  "speed": "fast",
                  "pass": true,
                  "fail": false,
                  "pending": false,
                  "context": null,
                  "code": "const callback = () => {};\nconst observer = new MockResizeObserver(callback);\n\nexpect(observer).to.have.property('observe').that.is.a('function');\nexpect(observer).to.have.property('unobserve').that.is.a('function');\nexpect(observer).to.have.property('disconnect').that.is.a('function');",
                  "err": {},
                  "uuid": "44c59916-efcc-4e68-8ea8-c993ccdbe17e",
                  "parentUUID": "ef877137-82a9-4b9d-8e24-3f70f511435a",
                  "isHook": false,
                  "skipped": false
                }
              ],
              "suites": [],
              "passes": [
                "44c59916-efcc-4e68-8ea8-c993ccdbe17e"
              ],
              "failures": [],
              "pending": [],
              "skipped": [],
              "duration": 0,
              "root": false,
              "rootEmpty": false,
              "_timeout": 5000
            },
            {
              "uuid": "f42d8b19-dfe4-40e9-bd8a-7cff50d0fde2",
              "title": "createComponentMock",
              "fullFile": "/Volumes/Project Disk/Multi-Platform-Translation-APP/translation-app/tests/utils/test-utils.test.js",
              "file": "/tests/utils/test-utils.test.js",
              "beforeHooks": [],
              "afterHooks": [],
              "tests": [
                {
                  "title": "should create a mock React component",
                  "fullTitle": "Test Utilities createComponentMock should create a mock React component",
                  "timedOut": false,
                  "duration": 1,
                  "state": "passed",
                  "speed": "fast",
                  "pass": true,
                  "fail": false,
                  "pending": false,
                  "context": null,
                  "code": "const MockComponent = createComponentMock('TestComponent');\nconst element = MockComponent.TestComponent({ children: 'test' });\n\nexpect(element.type).to.equal('TestComponent');\nexpect(element.props.children).to.equal('test');",
                  "err": {},
                  "uuid": "5ae688e6-2994-4513-a156-75413d2b6af2",
                  "parentUUID": "f42d8b19-dfe4-40e9-bd8a-7cff50d0fde2",
                  "isHook": false,
                  "skipped": false
                }
              ],
              "suites": [],
              "passes": [
                "5ae688e6-2994-4513-a156-75413d2b6af2"
              ],
              "failures": [],
              "pending": [],
              "skipped": [],
              "duration": 1,
              "root": false,
              "rootEmpty": false,
              "_timeout": 5000
            },
            {
              "uuid": "e60cc876-d59c-4cf7-adad-63e8f5ac9249",
              "title": "createControllablePromise",
              "fullFile": "/Volumes/Project Disk/Multi-Platform-Translation-APP/translation-app/tests/utils/test-utils.test.js",
              "file": "/tests/utils/test-utils.test.js",
              "beforeHooks": [],
              "afterHooks": [],
              "tests": [
                {
                  "title": "should create a promise with resolve and reject controls",
                  "fullTitle": "Test Utilities createControllablePromise should create a promise with resolve and reject controls",
                  "timedOut": false,
                  "duration": 102,
                  "state": "passed",
                  "speed": "slow",
                  "pass": true,
                  "fail": false,
                  "pending": false,
                  "context": null,
                  "code": "const { promise, resolve } = createControllablePromise();\nconst testValue = 'test value';\n\nsetTimeout(() => resolve(testValue), 100);\n\nconst result = await promise;\nexpect(result).to.equal(testValue);",
                  "err": {},
                  "uuid": "3dc9044c-c682-40da-8006-938cb90f369a",
                  "parentUUID": "e60cc876-d59c-4cf7-adad-63e8f5ac9249",
                  "isHook": false,
                  "skipped": false
                }
              ],
              "suites": [],
              "passes": [
                "3dc9044c-c682-40da-8006-938cb90f369a"
              ],
              "failures": [],
              "pending": [],
              "skipped": [],
              "duration": 102,
              "root": false,
              "rootEmpty": false,
              "_timeout": 5000
            },
            {
              "uuid": "663889b2-eb3c-4e08-9235-5f2308fc1f28",
              "title": "waitFor",
              "fullFile": "/Volumes/Project Disk/Multi-Platform-Translation-APP/translation-app/tests/utils/test-utils.test.js",
              "file": "/tests/utils/test-utils.test.js",
              "beforeHooks": [],
              "afterHooks": [],
              "tests": [
                {
                  "title": "should wait for a condition to be true",
                  "fullTitle": "Test Utilities waitFor should wait for a condition to be true",
                  "timedOut": false,
                  "duration": 51,
                  "state": "passed",
                  "speed": "medium",
                  "pass": true,
                  "fail": false,
                  "pending": false,
                  "context": null,
                  "code": "let value = false;\nsetTimeout(() => { value = true; }, 50);\n\nawait waitFor(() => value === true, 200);\nexpect(value).to.be.true;",
                  "err": {},
                  "uuid": "2857f45e-8b9c-4cef-941d-d98c26e3db45",
                  "parentUUID": "663889b2-eb3c-4e08-9235-5f2308fc1f28",
                  "isHook": false,
                  "skipped": false
                },
                {
                  "title": "should timeout if condition is not met",
                  "fullTitle": "Test Utilities waitFor should timeout if condition is not met",
                  "timedOut": false,
                  "duration": 52,
                  "state": "passed",
                  "speed": "medium",
                  "pass": true,
                  "fail": false,
                  "pending": false,
                  "context": null,
                  "code": "try {\n  await waitFor(() => false, 50);\n  throw new Error('Should have timed out');\n} catch (error) {\n  expect(error.message).to.include('Timeout');\n}",
                  "err": {},
                  "uuid": "f7aa9305-8ab6-457f-83e5-e7d848ccec68",
                  "parentUUID": "663889b2-eb3c-4e08-9235-5f2308fc1f28",
                  "isHook": false,
                  "skipped": false
                }
              ],
              "suites": [],
              "passes": [
                "2857f45e-8b9c-4cef-941d-d98c26e3db45",
                "f7aa9305-8ab6-457f-83e5-e7d848ccec68"
              ],
              "failures": [],
              "pending": [],
              "skipped": [],
              "duration": 103,
              "root": false,
              "rootEmpty": false,
              "_timeout": 5000
            },
            {
              "uuid": "b12f0966-1f9c-4100-b541-16c768c38a47",
              "title": "useFakeTimers",
              "fullFile": "/Volumes/Project Disk/Multi-Platform-Translation-APP/translation-app/tests/utils/test-utils.test.js",
              "file": "/tests/utils/test-utils.test.js",
              "beforeHooks": [],
              "afterHooks": [],
              "tests": [
                {
                  "title": "should mock timers",
                  "fullTitle": "Test Utilities useFakeTimers should mock timers",
                  "timedOut": false,
                  "duration": 4,
                  "state": "passed",
                  "speed": "fast",
                  "pass": true,
                  "fail": false,
                  "pending": false,
                  "context": null,
                  "code": "const clock = useFakeTimers();\nconst callback = sinon.stub();\n\nsetTimeout(callback, 1000);\nclock.tick(1000);\n\nexpect(callback).to.have.been.calledOnce;\nclock.restore();",
                  "err": {},
                  "uuid": "641e7659-9bda-4f20-b421-440c7ce7f7f3",
                  "parentUUID": "b12f0966-1f9c-4100-b541-16c768c38a47",
                  "isHook": false,
                  "skipped": false
                }
              ],
              "suites": [],
              "passes": [
                "641e7659-9bda-4f20-b421-440c7ce7f7f3"
              ],
              "failures": [],
              "pending": [],
              "skipped": [],
              "duration": 4,
              "root": false,
              "rootEmpty": false,
              "_timeout": 5000
            },
            {
              "uuid": "2d819fed-e355-4cf8-b9cd-f9ac2be8c41f",
              "title": "mockFetch",
              "fullFile": "/Volumes/Project Disk/Multi-Platform-Translation-APP/translation-app/tests/utils/test-utils.test.js",
              "file": "/tests/utils/test-utils.test.js",
              "beforeHooks": [],
              "afterHooks": [
                {
                  "title": "\"after each\" hook in \"mockFetch\"",
                  "fullTitle": "Test Utilities mockFetch \"after each\" hook in \"mockFetch\"",
                  "timedOut": false,
                  "duration": 0,
                  "state": null,
                  "speed": null,
                  "pass": false,
                  "fail": false,
                  "pending": false,
                  "context": null,
                  "code": "if (global.fetch && global.fetch.restore) {\n  global.fetch.restore();\n} else {\n  delete global.fetch;\n}",
                  "err": {},
                  "uuid": "4cfd8d25-3048-4fb9-9e52-70b9a4bfac84",
                  "parentUUID": "2d819fed-e355-4cf8-b9cd-f9ac2be8c41f",
                  "isHook": true,
                  "skipped": false
                }
              ],
              "tests": [
                {
                  "title": "should mock fetch with a successful response",
                  "fullTitle": "Test Utilities mockFetch should mock fetch with a successful response",
                  "timedOut": false,
                  "duration": 1,
                  "state": "passed",
                  "speed": "fast",
                  "pass": true,
                  "fail": false,
                  "pending": false,
                  "context": null,
                  "code": "const testData = { id: 1, name: 'Test' };\nconst mock = mockFetch(testData);\n\nconst response = await fetch('https://api.example.com/test');\nconst data = await response.json();\n\nexpect(mock).to.have.been.calledWith('https://api.example.com/test');\nexpect(response.ok).to.be.true;\nexpect(data).to.deep.equal(testData);",
                  "err": {},
                  "uuid": "932f4fc8-3003-45bf-bc89-0b56b08d4e46",
                  "parentUUID": "2d819fed-e355-4cf8-b9cd-f9ac2be8c41f",
                  "isHook": false,
                  "skipped": false
                },
                {
                  "title": "should mock fetch with an error response",
                  "fullTitle": "Test Utilities mockFetch should mock fetch with an error response",
                  "timedOut": false,
                  "duration": 0,
                  "state": "passed",
                  "speed": "fast",
                  "pass": true,
                  "fail": false,
                  "pending": false,
                  "context": null,
                  "code": "const mock = mockFetch(null, { status: 404, ok: false, statusText: 'Not Found' });\n\nconst response = await fetch('https://api.example.com/not-found');\n\nexpect(mock).to.have.been.calledWith('https://api.example.com/not-found');\nexpect(response.ok).to.be.false;\nexpect(response.status).to.equal(404);",
                  "err": {},
                  "uuid": "7edf2cce-c547-4f38-a52e-8c66b3f9e03b",
                  "parentUUID": "2d819fed-e355-4cf8-b9cd-f9ac2be8c41f",
                  "isHook": false,
                  "skipped": false
                }
              ],
              "suites": [],
              "passes": [
                "932f4fc8-3003-45bf-bc89-0b56b08d4e46",
                "7edf2cce-c547-4f38-a52e-8c66b3f9e03b"
              ],
              "failures": [],
              "pending": [],
              "skipped": [],
              "duration": 1,
              "root": false,
              "rootEmpty": false,
              "_timeout": 5000
            }
          ],
          "passes": [],
          "failures": [],
          "pending": [],
          "skipped": [],
          "duration": 0,
          "root": false,
          "rootEmpty": false,
          "_timeout": 5000
        }
      ],
      "passes": [],
      "failures": [],
      "pending": [],
      "skipped": [],
      "duration": 0,
      "root": true,
      "rootEmpty": true,
      "_timeout": 5000
    }
  ],
  "meta": {
    "mocha": {
      "version": "10.8.2"
    },
    "mochawesome": {
      "options": {
        "quiet": false,
        "reportFilename": "mochawesome",
        "saveHtml": true,
        "saveJson": true,
        "consoleReporter": "spec",
        "useInlineDiffs": false,
        "code": true
      },
      "version": "7.1.3"
    },
    "marge": {
      "options": null,
      "version": "6.2.0"
    }
  }
}